<?xml version="1.0" encoding="UTF-8"?>
<testng-results ignored="0" total="5" passed="5" failed="0" skipped="0">
  <reporter-output>
    <line>
      <![CDATA[Validation is passed]]>
    </line>
    <line>
      <![CDATA[Campagin Expo_1919 added successfully]]>
    </line>
    <line>
      <![CDATA[Campagin Expo_5623 added successfully]]>
    </line>
    <line>
      <![CDATA[Product Laptop_1217 added successfully]]>
    </line>
    <line>
      <![CDATA[Contact Smith_4456 added successfully]]>
    </line>
  </reporter-output>
  <suite started-at="2025-04-04T20:38:48 IST" name="Suite" finished-at="2025-04-04T20:40:42 IST" duration-ms="114958">
    <groups>
      <group name="IntegrationTest">
        <method signature="CreateProductTest.addProductTest()[pri:0, instance:ProductTest.CreateProductTest@5aebe890]" name="addProductTest" class="ProductTest.CreateProductTest"/>
      </group> <!-- IntegrationTest -->
      <group name="RegressionTest">
        <method signature="CreateContactTest.createContactWithCampaginTest()[pri:0, instance:ContactTest.CreateContactTest@65d09a04]" name="createContactWithCampaginTest" class="ContactTest.CreateContactTest"/>
      </group> <!-- RegressionTest -->
    </groups>
    <test started-at="2025-04-04T20:38:48 IST" name="Test" finished-at="2025-04-04T20:40:42 IST" duration-ms="114958">
      <class name="LoginTest.LoginTest">
        <test-method is-config="true" signature="beforeSuite()[pri:0, instance:LoginTest.LoginTest@1e66f1f5]" started-at="2025-04-04T20:38:47 IST" name="beforeSuite" finished-at="2025-04-04T20:38:48 IST" duration-ms="674" status="PASS">
          <reporter-output>
          </reporter-output>
        </test-method> <!-- beforeSuite -->
        <test-method is-config="true" signature="beforeTest()[pri:0, instance:LoginTest.LoginTest@1e66f1f5]" started-at="2025-04-04T20:38:48 IST" name="beforeTest" finished-at="2025-04-04T20:38:48 IST" duration-ms="2" status="PASS">
          <reporter-output>
          </reporter-output>
        </test-method> <!-- beforeTest -->
        <test-method is-config="true" signature="beforeClass()[pri:0, instance:LoginTest.LoginTest@1e66f1f5]" started-at="2025-04-04T20:38:48 IST" name="beforeClass" finished-at="2025-04-04T20:38:49 IST" duration-ms="1466" status="PASS">
          <reporter-output>
          </reporter-output>
        </test-method> <!-- beforeClass -->
        <test-method is-config="true" signature="beforeMethod()[pri:0, instance:LoginTest.LoginTest@1e66f1f5]" started-at="2025-04-04T20:38:49 IST" name="beforeMethod" finished-at="2025-04-04T20:38:54 IST" duration-ms="5073" status="PASS">
          <reporter-output>
          </reporter-output>
        </test-method> <!-- beforeMethod -->
        <test-method signature="loginTest()[pri:0, instance:LoginTest.LoginTest@1e66f1f5]" started-at="2025-04-04T20:38:54 IST" name="loginTest" finished-at="2025-04-04T20:38:56 IST" duration-ms="2124" status="PASS">
          <reporter-output>
            <line>
              <![CDATA[Validation is passed]]>
            </line>
          </reporter-output>
        </test-method> <!-- loginTest -->
        <test-method is-config="true" signature="afterMethod()[pri:0, instance:LoginTest.LoginTest@1e66f1f5]" started-at="2025-04-04T20:38:56 IST" name="afterMethod" finished-at="2025-04-04T20:39:02 IST" duration-ms="5948" status="PASS">
          <reporter-output>
          </reporter-output>
        </test-method> <!-- afterMethod -->
        <test-method is-config="true" signature="afterClass()[pri:0, instance:LoginTest.LoginTest@1e66f1f5]" started-at="2025-04-04T20:39:02 IST" name="afterClass" finished-at="2025-04-04T20:39:02 IST" duration-ms="276" status="PASS">
          <reporter-output>
          </reporter-output>
        </test-method> <!-- afterClass -->
        <test-method is-config="true" signature="afterTest()[pri:0, instance:LoginTest.LoginTest@1e66f1f5]" started-at="2025-04-04T20:40:42 IST" name="afterTest" finished-at="2025-04-04T20:40:42 IST" duration-ms="0" status="PASS">
          <reporter-output>
          </reporter-output>
        </test-method> <!-- afterTest -->
        <test-method is-config="true" signature="afterSuite()[pri:0, instance:LoginTest.LoginTest@1e66f1f5]" started-at="2025-04-04T20:40:43 IST" name="afterSuite" finished-at="2025-04-04T20:40:43 IST" duration-ms="4" status="PASS">
          <reporter-output>
          </reporter-output>
        </test-method> <!-- afterSuite -->
      </class> <!-- LoginTest.LoginTest -->
      <class name="ProductTest.CreateProductTest">
        <test-method is-config="true" signature="beforeClass()[pri:0, instance:ProductTest.CreateProductTest@5aebe890]" started-at="2025-04-04T20:39:53 IST" name="beforeClass" finished-at="2025-04-04T20:39:54 IST" duration-ms="963" status="PASS">
          <reporter-output>
          </reporter-output>
        </test-method> <!-- beforeClass -->
        <test-method is-config="true" signature="beforeMethod()[pri:0, instance:ProductTest.CreateProductTest@5aebe890]" started-at="2025-04-04T20:39:54 IST" name="beforeMethod" finished-at="2025-04-04T20:39:55 IST" duration-ms="1553" status="PASS">
          <reporter-output>
          </reporter-output>
        </test-method> <!-- beforeMethod -->
        <test-method signature="addProductTest()[pri:0, instance:ProductTest.CreateProductTest@5aebe890]" started-at="2025-04-04T20:39:55 IST" name="addProductTest" finished-at="2025-04-04T20:40:09 IST" duration-ms="13439" status="PASS">
          <reporter-output>
            <line>
              <![CDATA[Product Laptop_1217 added successfully]]>
            </line>
          </reporter-output>
        </test-method> <!-- addProductTest -->
        <test-method is-config="true" signature="afterMethod()[pri:0, instance:ProductTest.CreateProductTest@5aebe890]" started-at="2025-04-04T20:40:09 IST" name="afterMethod" finished-at="2025-04-04T20:40:10 IST" duration-ms="1084" status="PASS">
          <reporter-output>
          </reporter-output>
        </test-method> <!-- afterMethod -->
        <test-method is-config="true" signature="afterClass()[pri:0, instance:ProductTest.CreateProductTest@5aebe890]" started-at="2025-04-04T20:40:10 IST" name="afterClass" finished-at="2025-04-04T20:40:10 IST" duration-ms="344" status="PASS">
          <reporter-output>
          </reporter-output>
        </test-method> <!-- afterClass -->
      </class> <!-- ProductTest.CreateProductTest -->
      <class name="CampaignTest.CreateCampaignTest">
        <test-method is-config="true" signature="beforeClass()[pri:0, instance:CampaignTest.CreateCampaignTest@4961f6af]" started-at="2025-04-04T20:39:02 IST" name="beforeClass" finished-at="2025-04-04T20:39:03 IST" duration-ms="937" status="PASS">
          <reporter-output>
          </reporter-output>
        </test-method> <!-- beforeClass -->
        <test-method is-config="true" signature="beforeMethod()[pri:0, instance:CampaignTest.CreateCampaignTest@4961f6af]" started-at="2025-04-04T20:39:03 IST" name="beforeMethod" finished-at="2025-04-04T20:39:08 IST" duration-ms="4092" status="PASS">
          <reporter-output>
          </reporter-output>
        </test-method> <!-- beforeMethod -->
        <test-method signature="createCampaginWithCloseDateTest()[pri:0, instance:CampaignTest.CreateCampaignTest@4961f6af]" started-at="2025-04-04T20:39:08 IST" name="createCampaginWithCloseDateTest" finished-at="2025-04-04T20:39:20 IST" duration-ms="12854" status="PASS">
          <reporter-output>
            <line>
              <![CDATA[Campagin Expo_1919 added successfully]]>
            </line>
          </reporter-output>
        </test-method> <!-- createCampaginWithCloseDateTest -->
        <test-method is-config="true" signature="afterMethod()[pri:0, instance:CampaignTest.CreateCampaignTest@4961f6af]" started-at="2025-04-04T20:39:20 IST" name="afterMethod" finished-at="2025-04-04T20:39:27 IST" duration-ms="6548" status="PASS">
          <reporter-output>
          </reporter-output>
        </test-method> <!-- afterMethod -->
        <test-method is-config="true" signature="beforeMethod()[pri:0, instance:CampaignTest.CreateCampaignTest@4961f6af]" started-at="2025-04-04T20:39:27 IST" name="beforeMethod" finished-at="2025-04-04T20:39:32 IST" duration-ms="5106" status="PASS">
          <reporter-output>
          </reporter-output>
        </test-method> <!-- beforeMethod -->
        <test-method signature="createCampaignTest()[pri:0, instance:CampaignTest.CreateCampaignTest@4961f6af]" started-at="2025-04-04T20:39:32 IST" name="createCampaignTest" finished-at="2025-04-04T20:39:44 IST" duration-ms="12215" status="PASS">
          <reporter-output>
            <line>
              <![CDATA[Campagin Expo_5623 added successfully]]>
            </line>
          </reporter-output>
        </test-method> <!-- createCampaignTest -->
        <test-method is-config="true" signature="afterMethod()[pri:0, instance:CampaignTest.CreateCampaignTest@4961f6af]" started-at="2025-04-04T20:39:44 IST" name="afterMethod" finished-at="2025-04-04T20:39:52 IST" duration-ms="8104" status="PASS">
          <reporter-output>
          </reporter-output>
        </test-method> <!-- afterMethod -->
        <test-method is-config="true" signature="afterClass()[pri:0, instance:CampaignTest.CreateCampaignTest@4961f6af]" started-at="2025-04-04T20:39:52 IST" name="afterClass" finished-at="2025-04-04T20:39:53 IST" duration-ms="360" status="PASS">
          <reporter-output>
          </reporter-output>
        </test-method> <!-- afterClass -->
      </class> <!-- CampaignTest.CreateCampaignTest -->
      <class name="ContactTest.CreateContactTest">
        <test-method is-config="true" signature="beforeClass()[pri:0, instance:ContactTest.CreateContactTest@65d09a04]" started-at="2025-04-04T20:40:10 IST" name="beforeClass" finished-at="2025-04-04T20:40:11 IST" duration-ms="922" status="PASS">
          <reporter-output>
          </reporter-output>
        </test-method> <!-- beforeClass -->
        <test-method is-config="true" signature="beforeMethod()[pri:0, instance:ContactTest.CreateContactTest@65d09a04]" started-at="2025-04-04T20:40:11 IST" name="beforeMethod" finished-at="2025-04-04T20:40:15 IST" duration-ms="3715" status="PASS">
          <reporter-output>
          </reporter-output>
        </test-method> <!-- beforeMethod -->
        <test-method signature="createContactWithCampaginTest()[pri:0, instance:ContactTest.CreateContactTest@65d09a04]" started-at="2025-04-04T20:40:15 IST" name="createContactWithCampaginTest" finished-at="2025-04-04T20:40:38 IST" duration-ms="23442" status="PASS">
          <reporter-output>
            <line>
              <![CDATA[Contact Smith_4456 added successfully]]>
            </line>
          </reporter-output>
        </test-method> <!-- createContactWithCampaginTest -->
        <test-method is-config="true" signature="afterMethod()[pri:0, instance:ContactTest.CreateContactTest@65d09a04]" started-at="2025-04-04T20:40:38 IST" name="afterMethod" finished-at="2025-04-04T20:40:42 IST" duration-ms="3914" status="PASS">
          <reporter-output>
          </reporter-output>
        </test-method> <!-- afterMethod -->
        <test-method is-config="true" signature="afterClass()[pri:0, instance:ContactTest.CreateContactTest@65d09a04]" started-at="2025-04-04T20:40:42 IST" name="afterClass" finished-at="2025-04-04T20:40:42 IST" duration-ms="369" status="PASS">
          <reporter-output>
          </reporter-output>
        </test-method> <!-- afterClass -->
      </class> <!-- ContactTest.CreateContactTest -->
    </test> <!-- Test -->
  </suite> <!-- Suite -->
</testng-results>
