<?xml version="1.0" encoding="UTF-8"?>
<!-- Generated by org.testng.reporters.JUnitXMLReporter -->
<testsuite ignored="0" hostname="LAPTOP-N50CKJOD" failures="0" tests="5" name="Test_firefox" time="113.784" errors="0" timestamp="2025-03-21T20:32:07 IST">
  <testcase classname="LoginTest.LoginTest" name="loginTest" time="15.112"/>
  <testcase classname="CampaignTest.CreateCampaign" name="createCampaginWithDateTest" time="20.63"/>
  <testcase classname="CampaignTest.CreateCampaign" name="createCampaignTest" time="20.259"/>
  <testcase classname="ProductTest.CreateProduct" name="createProductTest" time="21.802"/>
  <testcase classname="ContactTest.CreateContact" name="createContactWithCampaginTest" time="35.892"/>
</testsuite> <!-- Test_firefox -->
