<?xml version="1.0" encoding="UTF-8"?>
<!-- Generated by org.testng.reporters.JUnitXMLReporter -->
<testsuite ignored="0" hostname="LAPTOP-N50CKJOD" failures="0" tests="5" name="Test_chrome" time="108.065" errors="0" timestamp="2025-03-21T20:52:41 IST">
  <testcase classname="LoginTest.LoginTest" name="loginTest" time="8.741"/>
  <testcase classname="CampaignTest.CreateCampaign" name="createCampaginWithDateTest" time="20.922"/>
  <testcase classname="CampaignTest.CreateCampaign" name="createCampaignTest" time="17.45"/>
  <testcase classname="ProductTest.CreateProduct" name="createProductTest" time="26.132"/>
  <testcase classname="ContactTest.CreateContact" name="createContactWithCampaginTest" time="34.724"/>
</testsuite> <!-- Test_chrome -->
