<?xml version="1.0" encoding="UTF-8"?>
<!-- Generated by org.testng.reporters.JUnitXMLReporter -->
<testsuite ignored="0" hostname="LAPTOP-N50CKJOD" failures="0" tests="5" name="Test_edge" time="134.402" errors="0" timestamp="2025-03-21T20:53:07 IST">
  <testcase classname="LoginTest.LoginTest" name="loginTest" time="10.869"/>
  <testcase classname="CampaignTest.CreateCampaign" name="createCampaginWithDateTest" time="23.595"/>
  <testcase classname="CampaignTest.CreateCampaign" name="createCampaignTest" time="31.886"/>
  <testcase classname="ProductTest.CreateProduct" name="createProductTest" time="30.336"/>
  <testcase classname="ContactTest.CreateContact" name="createContactWithCampaginTest" time="37.622"/>
</testsuite> <!-- Test_edge -->
