<?xml version="1.0" encoding="UTF-8"?>
<!-- Generated by org.testng.reporters.JUnitXMLReporter -->
<testsuite ignored="0" hostname="LAPTOP-N50CKJOD" failures="0" tests="3" name="Test1" time="42.49" errors="0" timestamp="2025-03-21T20:00:19 IST">
  <testcase classname="LoginTest.LoginTest" name="loginTest" time="7.655"/>
  <testcase classname="CampaignTest.CreateCampaign" name="createCampaginWithDateTest" time="15.978"/>
  <testcase classname="CampaignTest.CreateCampaign" name="createCampaignTest" time="18.787"/>
</testsuite> <!-- Test1 -->
